race/build/intermediates/manifest_merge_blame_file/debug/manifest-merger-blame-debug-report.txt
1<?xml version="1.0" encoding="utf-8"?>
2<manifest xmlns:android="http://schemas.android.com/apk/res/android"
3    package="com.sIlence.androidracer"
4    android:versionCode="4"
5    android:versionName="1.0.3" >
6
7    <uses-sdk android:minSdkVersion="24" />
7-->src\main\AndroidManifest.xml
8
9    <uses-permission android:name="android.permission.VIBRATE" />
9-->src\main\AndroidManifest.xml:6:2-63
9-->src\main\AndroidManifest.xml:6:19-60
10    <uses-permission android:name="android.permission.INTERNET" />
10-->src\main\AndroidManifest.xml:7:2-64
10-->src\main\AndroidManifest.xml:7:19-61
11    <uses-permission android:name="android.permission.READ_PHONE_STATE" />
11-->src\main\AndroidManifest.xml:8:5-75
11-->src\main\AndroidManifest.xml:8:22-72
12    <uses-permission android:name="android.permission.ACCESS_NETWORK_STATE" />
12-->src\main\AndroidManifest.xml:9:5-79
12-->src\main\AndroidManifest.xml:9:22-76
13
14    <supports-screens
14-->src\main\AndroidManifest.xml:10:2-14:8
15        android:anyDensity="true"
15-->src\main\AndroidManifest.xml:13:6-31
16        android:largeScreens="true"
16-->src\main\AndroidManifest.xml:12:6-33
17        android:normalScreens="true"
17-->src\main\AndroidManifest.xml:11:6-34
18        android:smallScreens="true" />
18-->src\main\AndroidManifest.xml:10:20-47
19
20    <application
20-->src\main\AndroidManifest.xml:15:5-25:15
21        android:icon="@drawable/icon"
21-->src\main\AndroidManifest.xml:15:18-47
22        android:label="@string/app_name" >
22-->src\main\AndroidManifest.xml:15:48-80
23        <activity
23-->src\main\AndroidManifest.xml:16:9-23:20
24            android:name="com.sIlence.androidracer.AndroidRacer"
24-->src\main\AndroidManifest.xml:16:19-46
25            android:exported="true"
25-->src\main\AndroidManifest.xml:18:4-27
26            android:label="@string/app_name" >
26-->src\main\AndroidManifest.xml:17:4-36
27            <intent-filter>
27-->src\main\AndroidManifest.xml:19:13-22:29
28                <action android:name="android.intent.action.MAIN" />
28-->src\main\AndroidManifest.xml:20:17-69
28-->src\main\AndroidManifest.xml:20:25-66
29
30                <category android:name="android.intent.category.LAUNCHER" />
30-->src\main\AndroidManifest.xml:21:17-77
30-->src\main\AndroidManifest.xml:21:27-74
31            </intent-filter>
32        </activity>
33        <activity android:name="com.sIlence.androidracer.SettingsPreferences" />
33-->src\main\AndroidManifest.xml:24:3-50
33-->src\main\AndroidManifest.xml:24:13-47
34    </application>
35
36</manifest>